[ 2013-04-30T11:10:13+08:00 ] ERR: (ThinkException) 非法操作:_
[ 2013-04-30T11:10:13+08:00 ] ERR: (ThinkException) 非法操作:_
[ 2013-04-30T11:11:34+08:00 ] ERR: (ThinkException) 非法操作:_
[ 2013-04-30T11:13:22+08:00 ] ERR: (ThinkException) 非法操作:_
[ 2013-04-30T11:13:23+08:00 ] ERR: (ThinkException) 非法操作:_
[ 2013-04-30T11:21:44+08:00 ] ERR: (ThinkException) 非法操作:index
[ 2013-04-30T12:08:24+08:00 ] ERR: (ThinkException) 非法操作:index
[ 2013-04-30T12:26:27+08:00 ] ERR: (ThinkException) 无法加载模块:Register
[ 2013-04-30T12:27:23+08:00 ] ERR: (ThinkException) 无法加载模块:Register
[ 2013-04-30T19:36:22+08:00 ] 127.0.0.1 /think_message/index.php/Register/checkname?username=w%E4%BA%BA%E4%BA%BA
INFO: [ app_begin ] --START--
INFO: Run ReadHtmlCache Behavior [ RunTime:0.000528s ]
INFO: [ app_begin ] --END-- [ RunTime:0.000596s ]

[ 2013-04-30T19:39:35+08:00 ] 127.0.0.1 /think_message/index.php/Register/checkname?username=w%E4%BA%BA%E4%BA%BA
INFO: [ app_begin ] --START--
INFO: Run ReadHtmlCache Behavior [ RunTime:0.000526s ]
INFO: [ app_begin ] --END-- [ RunTime:0.000597s ]
SQL: SHOW COLUMNS FROM `tp_user` [ RunTime:0.002875s ]
SQL: SELECT COUNT(*) AS tp_count FROM `tp_user` WHERE ( `username` = 'w人人' ) LIMIT 1   [ RunTime:0.000395s ]

[ 2013-04-30T19:39:38+08:00 ] 127.0.0.1 /think_message/index.php/Register/checkname?username=w%E4%BA%BA%E4%BA%BA
INFO: [ app_begin ] --START--
INFO: Run ReadHtmlCache Behavior [ RunTime:0.000535s ]
INFO: [ app_begin ] --END-- [ RunTime:0.000599s ]
SQL: SHOW COLUMNS FROM `tp_user` [ RunTime:0.010535s ]
SQL: SELECT COUNT(*) AS tp_count FROM `tp_user` WHERE ( `username` = 'w人人' ) LIMIT 1   [ RunTime:0.000245s ]

[ 2013-04-30T19:39:45+08:00 ] 127.0.0.1 /think_message/index.php/Register/checkname?username=zz
INFO: [ app_begin ] --START--
INFO: Run ReadHtmlCache Behavior [ RunTime:0.000515s ]
INFO: [ app_begin ] --END-- [ RunTime:0.000582s ]
SQL: SHOW COLUMNS FROM `tp_user` [ RunTime:0.001862s ]
SQL: SELECT COUNT(*) AS tp_count FROM `tp_user` WHERE ( `username` = 'zz' ) LIMIT 1   [ RunTime:0.000308s ]

[ 2013-04-30T19:49:25+08:00 ] 127.0.0.1 /think_message/index.php/Register/checkname?username=zz
INFO: [ app_begin ] --START--
INFO: Run ReadHtmlCache Behavior [ RunTime:0.000477s ]
INFO: [ app_begin ] --END-- [ RunTime:0.000540s ]
SQL: SHOW COLUMNS FROM `tp_user` [ RunTime:0.001854s ]
SQL: SELECT COUNT(*) AS tp_count FROM `tp_user` WHERE ( `username` = 'zz' ) LIMIT 1   [ RunTime:0.000269s ]

[ 2013-04-30T19:49:50+08:00 ] 127.0.0.1 /think_message/index.php/Register/checkname?username=zz1
INFO: [ app_begin ] --START--
INFO: Run ReadHtmlCache Behavior [ RunTime:0.000479s ]
INFO: [ app_begin ] --END-- [ RunTime:0.000543s ]
SQL: SHOW COLUMNS FROM `tp_user` [ RunTime:0.001893s ]
SQL: SELECT COUNT(*) AS tp_count FROM `tp_user` WHERE ( `username` = 'zz1' ) LIMIT 1   [ RunTime:0.000464s ]

[ 2013-04-30T19:50:23+08:00 ] 127.0.0.1 /think_message/index.php/Register/checkname?username=zz1
INFO: [ app_begin ] --START--
INFO: Run ReadHtmlCache Behavior [ RunTime:0.000672s ]
INFO: [ app_begin ] --END-- [ RunTime:0.000824s ]
SQL: SHOW COLUMNS FROM `tp_user` [ RunTime:0.002293s ]
SQL: SELECT COUNT(*) AS tp_count FROM `tp_user` WHERE ( `username` = 'zz1' ) LIMIT 1   [ RunTime:0.000219s ]

[ 2013-04-30T19:50:26+08:00 ] 127.0.0.1 /think_message/index.php/Register/checkname?username=zz
INFO: [ app_begin ] --START--
INFO: Run ReadHtmlCache Behavior [ RunTime:0.000500s ]
INFO: [ app_begin ] --END-- [ RunTime:0.000561s ]
SQL: SHOW COLUMNS FROM `tp_user` [ RunTime:0.002027s ]
SQL: SELECT COUNT(*) AS tp_count FROM `tp_user` WHERE ( `username` = 'zz' ) LIMIT 1   [ RunTime:0.000360s ]

[ 2013-04-30T19:50:28+08:00 ] 127.0.0.1 /think_message/index.php/Register/checkname?username=zz1
INFO: [ app_begin ] --START--
INFO: Run ReadHtmlCache Behavior [ RunTime:0.000517s ]
INFO: [ app_begin ] --END-- [ RunTime:0.000580s ]
SQL: SHOW COLUMNS FROM `tp_user` [ RunTime:0.001849s ]
SQL: SELECT COUNT(*) AS tp_count FROM `tp_user` WHERE ( `username` = 'zz1' ) LIMIT 1   [ RunTime:0.000316s ]

[ 2013-04-30T19:50:49+08:00 ] 127.0.0.1 /think_message/index.php/Register/checkname?username=zz
INFO: [ app_begin ] --START--
INFO: Run ReadHtmlCache Behavior [ RunTime:0.000500s ]
INFO: [ app_begin ] --END-- [ RunTime:0.000564s ]
SQL: SHOW COLUMNS FROM `tp_user` [ RunTime:0.001900s ]
SQL: SELECT COUNT(*) AS tp_count FROM `tp_user` WHERE ( `username` = 'zz' ) LIMIT 1   [ RunTime:0.000267s ]

[ 2013-04-30T19:50:53+08:00 ] 127.0.0.1 /think_message/index.php/Register/checkname?username=zz1
INFO: [ app_begin ] --START--
INFO: Run ReadHtmlCache Behavior [ RunTime:0.000517s ]
INFO: [ app_begin ] --END-- [ RunTime:0.000582s ]
SQL: SHOW COLUMNS FROM `tp_user` [ RunTime:0.001834s ]
SQL: SELECT COUNT(*) AS tp_count FROM `tp_user` WHERE ( `username` = 'zz1' ) LIMIT 1   [ RunTime:0.000261s ]

[ 2013-04-30T19:50:56+08:00 ] 127.0.0.1 /think_message/index.php/Register/checkname?username=zz11
INFO: [ app_begin ] --START--
INFO: Run ReadHtmlCache Behavior [ RunTime:0.000564s ]
INFO: [ app_begin ] --END-- [ RunTime:0.000633s ]
SQL: SHOW COLUMNS FROM `tp_user` [ RunTime:0.001933s ]
SQL: SELECT COUNT(*) AS tp_count FROM `tp_user` WHERE ( `username` = 'zz11' ) LIMIT 1   [ RunTime:0.000940s ]

[ 2013-04-30T19:51:25+08:00 ] 127.0.0.1 /think_message/index.php/Register/checkname?username=zz11
INFO: [ app_begin ] --START--
INFO: Run ReadHtmlCache Behavior [ RunTime:0.000816s ]
INFO: [ app_begin ] --END-- [ RunTime:0.000880s ]
SQL: SHOW COLUMNS FROM `tp_user` [ RunTime:0.001953s ]
SQL: SELECT COUNT(*) AS tp_count FROM `tp_user` WHERE ( `username` = 'zz11' ) LIMIT 1   [ RunTime:0.000265s ]

[ 2013-04-30T19:51:27+08:00 ] 127.0.0.1 /think_message/index.php/Register/checkname?username=zz
INFO: [ app_begin ] --START--
INFO: Run ReadHtmlCache Behavior [ RunTime:0.000478s ]
INFO: [ app_begin ] --END-- [ RunTime:0.000540s ]
SQL: SHOW COLUMNS FROM `tp_user` [ RunTime:0.001840s ]
SQL: SELECT COUNT(*) AS tp_count FROM `tp_user` WHERE ( `username` = 'zz' ) LIMIT 1   [ RunTime:0.000254s ]

[ 2013-04-30T19:51:30+08:00 ] 127.0.0.1 /think_message/index.php/Register/checkname?username=zz1
INFO: [ app_begin ] --START--
INFO: Run ReadHtmlCache Behavior [ RunTime:0.000479s ]
INFO: [ app_begin ] --END-- [ RunTime:0.000540s ]
SQL: SHOW COLUMNS FROM `tp_user` [ RunTime:0.001870s ]
SQL: SELECT COUNT(*) AS tp_count FROM `tp_user` WHERE ( `username` = 'zz1' ) LIMIT 1   [ RunTime:0.000272s ]

[ 2013-04-30T19:51:37+08:00 ] 127.0.0.1 /think_message/index.php/Register/checkname?username=zz1
INFO: [ app_begin ] --START--
INFO: Run ReadHtmlCache Behavior [ RunTime:0.000527s ]
INFO: [ app_begin ] --END-- [ RunTime:0.000594s ]
SQL: SHOW COLUMNS FROM `tp_user` [ RunTime:0.002033s ]
SQL: SELECT COUNT(*) AS tp_count FROM `tp_user` WHERE ( `username` = 'zz1' ) LIMIT 1   [ RunTime:0.000236s ]

[ 2013-04-30T19:52:21+08:00 ] 127.0.0.1 /think_message/index.php/Register/checkname?username=zz
INFO: [ app_begin ] --START--
INFO: Run ReadHtmlCache Behavior [ RunTime:0.000497s ]
INFO: [ app_begin ] --END-- [ RunTime:0.000560s ]
SQL: SHOW COLUMNS FROM `tp_user` [ RunTime:0.001981s ]
SQL: SELECT COUNT(*) AS tp_count FROM `tp_user` WHERE ( `username` = 'zz' ) LIMIT 1   [ RunTime:0.000272s ]

[ 2013-04-30T19:52:27+08:00 ] 127.0.0.1 /think_message/index.php/Register/checkname?username=zz
INFO: [ app_begin ] --START--
INFO: Run ReadHtmlCache Behavior [ RunTime:0.000531s ]
INFO: [ app_begin ] --END-- [ RunTime:0.000597s ]
SQL: SHOW COLUMNS FROM `tp_user` [ RunTime:0.001797s ]
SQL: SELECT COUNT(*) AS tp_count FROM `tp_user` WHERE ( `username` = 'zz' ) LIMIT 1   [ RunTime:0.000346s ]

[ 2013-04-30T19:52:29+08:00 ] 127.0.0.1 /think_message/index.php/Register/checkname?username=zz
INFO: [ app_begin ] --START--
INFO: Run ReadHtmlCache Behavior [ RunTime:0.000480s ]
INFO: [ app_begin ] --END-- [ RunTime:0.000544s ]
SQL: SHOW COLUMNS FROM `tp_user` [ RunTime:0.001854s ]
SQL: SELECT COUNT(*) AS tp_count FROM `tp_user` WHERE ( `username` = 'zz' ) LIMIT 1   [ RunTime:0.000302s ]

[ 2013-04-30T19:52:37+08:00 ] 127.0.0.1 /think_message/index.php/Register/checkname?username=zz1
INFO: [ app_begin ] --START--
INFO: Run ReadHtmlCache Behavior [ RunTime:0.000482s ]
INFO: [ app_begin ] --END-- [ RunTime:0.000544s ]
SQL: SHOW COLUMNS FROM `tp_user` [ RunTime:0.001964s ]
SQL: SELECT COUNT(*) AS tp_count FROM `tp_user` WHERE ( `username` = 'zz1' ) LIMIT 1   [ RunTime:0.000401s ]

[ 2013-04-30T19:52:55+08:00 ] 127.0.0.1 /think_message/index.php/Register/checkname?username=zz
INFO: [ app_begin ] --START--
INFO: Run ReadHtmlCache Behavior [ RunTime:0.000485s ]
INFO: [ app_begin ] --END-- [ RunTime:0.000549s ]
SQL: SHOW COLUMNS FROM `tp_user` [ RunTime:0.001965s ]
SQL: SELECT COUNT(*) AS tp_count FROM `tp_user` WHERE ( `username` = 'zz' ) LIMIT 1   [ RunTime:0.000417s ]

[ 2013-04-30T19:52:56+08:00 ] 127.0.0.1 /think_message/index.php/Register/checkname?username=zz
INFO: [ app_begin ] --START--
INFO: Run ReadHtmlCache Behavior [ RunTime:0.000478s ]
INFO: [ app_begin ] --END-- [ RunTime:0.000540s ]
SQL: SHOW COLUMNS FROM `tp_user` [ RunTime:0.001784s ]
SQL: SELECT COUNT(*) AS tp_count FROM `tp_user` WHERE ( `username` = 'zz' ) LIMIT 1   [ RunTime:0.000268s ]

[ 2013-04-30T19:52:58+08:00 ] 127.0.0.1 /think_message/index.php/Register/checkname?username=zz
INFO: [ app_begin ] --START--
INFO: Run ReadHtmlCache Behavior [ RunTime:0.000484s ]
INFO: [ app_begin ] --END-- [ RunTime:0.000547s ]
SQL: SHOW COLUMNS FROM `tp_user` [ RunTime:0.001938s ]
SQL: SELECT COUNT(*) AS tp_count FROM `tp_user` WHERE ( `username` = 'zz' ) LIMIT 1   [ RunTime:0.000306s ]

[ 2013-04-30T20:01:08+08:00 ] 127.0.0.1 /think_message/index.php/Register/checkname?username=zz
INFO: [ app_begin ] --START--
INFO: Run ReadHtmlCache Behavior [ RunTime:0.000503s ]
INFO: [ app_begin ] --END-- [ RunTime:0.000565s ]
SQL: SHOW COLUMNS FROM `tp_user` [ RunTime:0.002554s ]
SQL: SELECT COUNT(*) AS tp_count FROM `tp_user` WHERE ( `username` = 'zz' ) LIMIT 1   [ RunTime:0.000147s ]

[ 2013-04-30T20:01:13+08:00 ] 127.0.0.1 /think_message/index.php/Register/checkname?username=zz1
INFO: [ app_begin ] --START--
INFO: Run ReadHtmlCache Behavior [ RunTime:0.000503s ]
INFO: [ app_begin ] --END-- [ RunTime:0.000565s ]
SQL: SHOW COLUMNS FROM `tp_user` [ RunTime:0.001926s ]
SQL: SELECT COUNT(*) AS tp_count FROM `tp_user` WHERE ( `username` = 'zz1' ) LIMIT 1   [ RunTime:0.000326s ]

[ 2013-04-30T20:02:31+08:00 ] ERR: (ThinkException) 非法操作:doReg
[ 2013-04-30T20:10:25+08:00 ] 127.0.0.1 /think_message/index.php/Register/checkname?username=zz1
INFO: [ app_begin ] --START--
INFO: Run ReadHtmlCache Behavior [ RunTime:0.000559s ]
INFO: [ app_begin ] --END-- [ RunTime:0.000642s ]
SQL: SHOW COLUMNS FROM `tp_user` [ RunTime:0.001921s ]
SQL: SELECT COUNT(*) AS tp_count FROM `tp_user` WHERE ( `username` = 'zz1' ) LIMIT 1   [ RunTime:0.000475s ]

[ 2013-04-30T20:18:16+08:00 ] 127.0.0.1 /think_message/index.php/Register/checkname?username=
INFO: [ app_begin ] --START--
INFO: Run ReadHtmlCache Behavior [ RunTime:0.000481s ]
INFO: [ app_begin ] --END-- [ RunTime:0.000545s ]
SQL: SHOW COLUMNS FROM `tp_user` [ RunTime:0.002021s ]
SQL: SELECT COUNT(*) AS tp_count FROM `tp_user` WHERE ( `username` = '' ) LIMIT 1   [ RunTime:0.004204s ]

[ 2013-04-30T20:18:19+08:00 ] 127.0.0.1 /think_message/index.php/Register/checkname?username=zz
INFO: [ app_begin ] --START--
INFO: Run ReadHtmlCache Behavior [ RunTime:0.000493s ]
INFO: [ app_begin ] --END-- [ RunTime:0.000571s ]
SQL: SHOW COLUMNS FROM `tp_user` [ RunTime:0.001893s ]
SQL: SELECT COUNT(*) AS tp_count FROM `tp_user` WHERE ( `username` = 'zz' ) LIMIT 1   [ RunTime:0.000466s ]

[ 2013-04-30T20:18:21+08:00 ] 127.0.0.1 /think_message/index.php/Register/checkname?username=zz
INFO: [ app_begin ] --START--
INFO: Run ReadHtmlCache Behavior [ RunTime:0.000505s ]
INFO: [ app_begin ] --END-- [ RunTime:0.000568s ]
SQL: SHOW COLUMNS FROM `tp_user` [ RunTime:0.001843s ]
SQL: SELECT COUNT(*) AS tp_count FROM `tp_user` WHERE ( `username` = 'zz' ) LIMIT 1   [ RunTime:0.000278s ]

[ 2013-04-30T20:18:27+08:00 ] 127.0.0.1 /think_message/index.php/Register/checkname?username=zz
INFO: [ app_begin ] --START--
INFO: Run ReadHtmlCache Behavior [ RunTime:0.000506s ]
INFO: [ app_begin ] --END-- [ RunTime:0.000571s ]
SQL: SHOW COLUMNS FROM `tp_user` [ RunTime:0.001900s ]
SQL: SELECT COUNT(*) AS tp_count FROM `tp_user` WHERE ( `username` = 'zz' ) LIMIT 1   [ RunTime:0.000431s ]

[ 2013-04-30T20:19:47+08:00 ] 127.0.0.1 /think_message/index.php/Register/checkname?username=zz
INFO: [ app_begin ] --START--
INFO: Run ReadHtmlCache Behavior [ RunTime:0.000483s ]
INFO: [ app_begin ] --END-- [ RunTime:0.000546s ]
SQL: SHOW COLUMNS FROM `tp_user` [ RunTime:0.001832s ]
SQL: SELECT COUNT(*) AS tp_count FROM `tp_user` WHERE ( `username` = 'zz' ) LIMIT 1   [ RunTime:0.000274s ]

[ 2013-04-30T20:19:49+08:00 ] 127.0.0.1 /think_message/index.php/Register/checkname?username=zz
INFO: [ app_begin ] --START--
INFO: Run ReadHtmlCache Behavior [ RunTime:0.000483s ]
INFO: [ app_begin ] --END-- [ RunTime:0.000546s ]
SQL: SHOW COLUMNS FROM `tp_user` [ RunTime:0.001907s ]
SQL: SELECT COUNT(*) AS tp_count FROM `tp_user` WHERE ( `username` = 'zz' ) LIMIT 1   [ RunTime:0.000276s ]

[ 2013-04-30T20:19:53+08:00 ] 127.0.0.1 /think_message/index.php/Register/checkname?username=11
INFO: [ app_begin ] --START--
INFO: Run ReadHtmlCache Behavior [ RunTime:0.000563s ]
INFO: [ app_begin ] --END-- [ RunTime:0.000642s ]
SQL: SHOW COLUMNS FROM `tp_user` [ RunTime:0.001834s ]
SQL: SELECT COUNT(*) AS tp_count FROM `tp_user` WHERE ( `username` = '11' ) LIMIT 1   [ RunTime:0.000395s ]

[ 2013-04-30T20:19:59+08:00 ] 127.0.0.1 /think_message/index.php/Register/checkname?username=zz
INFO: [ app_begin ] --START--
INFO: Run ReadHtmlCache Behavior [ RunTime:0.000480s ]
INFO: [ app_begin ] --END-- [ RunTime:0.000554s ]
SQL: SHOW COLUMNS FROM `tp_user` [ RunTime:0.002005s ]
SQL: SELECT COUNT(*) AS tp_count FROM `tp_user` WHERE ( `username` = 'zz' ) LIMIT 1   [ RunTime:0.000371s ]

[ 2013-04-30T20:20:01+08:00 ] 127.0.0.1 /think_message/index.php/Register/checkname?username=zz
INFO: [ app_begin ] --START--
INFO: Run ReadHtmlCache Behavior [ RunTime:0.000517s ]
INFO: [ app_begin ] --END-- [ RunTime:0.000587s ]
SQL: SHOW COLUMNS FROM `tp_user` [ RunTime:0.001883s ]
SQL: SELECT COUNT(*) AS tp_count FROM `tp_user` WHERE ( `username` = 'zz' ) LIMIT 1   [ RunTime:0.000395s ]

[ 2013-04-30T20:20:02+08:00 ] 127.0.0.1 /think_message/index.php/Register/checkname?username=zz
INFO: [ app_begin ] --START--
INFO: Run ReadHtmlCache Behavior [ RunTime:0.000696s ]
INFO: [ app_begin ] --END-- [ RunTime:0.000771s ]
SQL: SHOW COLUMNS FROM `tp_user` [ RunTime:0.001842s ]
SQL: SELECT COUNT(*) AS tp_count FROM `tp_user` WHERE ( `username` = 'zz' ) LIMIT 1   [ RunTime:0.000278s ]

[ 2013-04-30T20:20:04+08:00 ] 127.0.0.1 /think_message/index.php/Register/checkname?username=zz
INFO: [ app_begin ] --START--
INFO: Run ReadHtmlCache Behavior [ RunTime:0.000501s ]
INFO: [ app_begin ] --END-- [ RunTime:0.000566s ]
SQL: SHOW COLUMNS FROM `tp_user` [ RunTime:0.001871s ]
SQL: SELECT COUNT(*) AS tp_count FROM `tp_user` WHERE ( `username` = 'zz' ) LIMIT 1   [ RunTime:0.000255s ]

[ 2013-04-30T20:20:09+08:00 ] 127.0.0.1 /think_message/index.php/Register/checkname?username=zz1
INFO: [ app_begin ] --START--
INFO: Run ReadHtmlCache Behavior [ RunTime:0.001000s ]
INFO: [ app_begin ] --END-- [ RunTime:0.001073s ]
SQL: SHOW COLUMNS FROM `tp_user` [ RunTime:0.001885s ]
SQL: SELECT COUNT(*) AS tp_count FROM `tp_user` WHERE ( `username` = 'zz1' ) LIMIT 1   [ RunTime:0.000386s ]

[ 2013-04-30T20:20:11+08:00 ] 127.0.0.1 /think_message/index.php/Register/checkname?username=zz11
INFO: [ app_begin ] --START--
INFO: Run ReadHtmlCache Behavior [ RunTime:0.000481s ]
INFO: [ app_begin ] --END-- [ RunTime:0.000545s ]
SQL: SHOW COLUMNS FROM `tp_user` [ RunTime:0.002233s ]
SQL: SELECT COUNT(*) AS tp_count FROM `tp_user` WHERE ( `username` = 'zz11' ) LIMIT 1   [ RunTime:0.000378s ]

[ 2013-04-30T22:11:27+08:00 ] 127.0.0.1 /think_message/index.php/Register/checkname?username=zz11%E7%9A%84
INFO: [ app_begin ] --START--
INFO: Run ReadHtmlCache Behavior [ RunTime:0.000524s ]
INFO: [ app_begin ] --END-- [ RunTime:0.000592s ]
SQL: SHOW COLUMNS FROM `tp_user` [ RunTime:0.002407s ]
SQL: SELECT COUNT(*) AS tp_count FROM `tp_user` WHERE ( `username` = 'zz11的' ) LIMIT 1   [ RunTime:0.000752s ]

[ 2013-04-30T22:11:30+08:00 ] 127.0.0.1 /think_message/index.php/Register/checkname?username=zz1
INFO: [ app_begin ] --START--
INFO: Run ReadHtmlCache Behavior [ RunTime:0.000543s ]
INFO: [ app_begin ] --END-- [ RunTime:0.000613s ]
SQL: SHOW COLUMNS FROM `tp_user` [ RunTime:0.004215s ]
SQL: SELECT COUNT(*) AS tp_count FROM `tp_user` WHERE ( `username` = 'zz1' ) LIMIT 1   [ RunTime:0.000428s ]

[ 2013-04-30T22:12:37+08:00 ] 127.0.0.1 /think_message/index.php/Register/checkname?username=zz1
INFO: [ app_begin ] --START--
INFO: Run ReadHtmlCache Behavior [ RunTime:0.000484s ]
INFO: [ app_begin ] --END-- [ RunTime:0.000548s ]
SQL: SHOW COLUMNS FROM `tp_user` [ RunTime:0.002344s ]
SQL: SELECT COUNT(*) AS tp_count FROM `tp_user` WHERE ( `username` = 'zz1' ) LIMIT 1   [ RunTime:0.000498s ]

[ 2013-04-30T22:14:40+08:00 ] 127.0.0.1 /think_message/index.php/Register/checkname?username=zz1
INFO: [ app_begin ] --START--
INFO: Run ReadHtmlCache Behavior [ RunTime:0.000625s ]
INFO: [ app_begin ] --END-- [ RunTime:0.000750s ]
SQL: SHOW COLUMNS FROM `tp_user` [ RunTime:0.002424s ]
SQL: SELECT COUNT(*) AS tp_count FROM `tp_user` WHERE ( `username` = 'zz1' ) LIMIT 1   [ RunTime:0.000555s ]

[ 2013-04-30T22:15:46+08:00 ] 127.0.0.1 /think_message/index.php/Register/checkname?username=zz1
INFO: [ app_begin ] --START--
INFO: Run ReadHtmlCache Behavior [ RunTime:0.000489s ]
INFO: [ app_begin ] --END-- [ RunTime:0.000560s ]
SQL: SHOW COLUMNS FROM `tp_user` [ RunTime:0.002396s ]
SQL: SELECT COUNT(*) AS tp_count FROM `tp_user` WHERE ( `username` = 'zz1' ) LIMIT 1   [ RunTime:0.000600s ]

[ 2013-04-30T22:16:54+08:00 ] 127.0.0.1 /think_message/index.php/Register/checkname?username=zz1
INFO: [ app_begin ] --START--
INFO: Run ReadHtmlCache Behavior [ RunTime:0.000483s ]
INFO: [ app_begin ] --END-- [ RunTime:0.000547s ]
SQL: SHOW COLUMNS FROM `tp_user` [ RunTime:0.002432s ]
SQL: SELECT COUNT(*) AS tp_count FROM `tp_user` WHERE ( `username` = 'zz1' ) LIMIT 1   [ RunTime:0.000417s ]

[ 2013-04-30T22:22:59+08:00 ] 127.0.0.1 /think_message/index.php/Register/checkname?username=zz
INFO: [ app_begin ] --START--
INFO: Run ReadHtmlCache Behavior [ RunTime:0.000878s ]
INFO: [ app_begin ] --END-- [ RunTime:0.000960s ]
SQL: SHOW COLUMNS FROM `tp_user` [ RunTime:0.002324s ]
SQL: SELECT COUNT(*) AS tp_count FROM `tp_user` WHERE ( `username` = 'zz' ) LIMIT 1   [ RunTime:0.000306s ]

[ 2013-04-30T22:43:07+08:00 ] 127.0.0.1 /think_message/index.php/Register/checkname?username=zz
INFO: [ app_begin ] --START--
INFO: Run ReadHtmlCache Behavior [ RunTime:0.000529s ]
INFO: [ app_begin ] --END-- [ RunTime:0.000597s ]
SQL: SHOW COLUMNS FROM `tp_user` [ RunTime:0.003313s ]
SQL: SELECT COUNT(*) AS tp_count FROM `tp_user` WHERE ( `username` = 'zz' ) LIMIT 1   [ RunTime:0.000432s ]

[ 2013-04-30T22:47:25+08:00 ] 127.0.0.1 /think_message/index.php/Register/checkname?username=zz1
INFO: [ app_begin ] --START--
INFO: Run ReadHtmlCache Behavior [ RunTime:0.000829s ]
INFO: [ app_begin ] --END-- [ RunTime:0.000895s ]
SQL: SHOW COLUMNS FROM `tp_user` [ RunTime:0.002328s ]
SQL: SELECT COUNT(*) AS tp_count FROM `tp_user` WHERE ( `username` = 'zz1' ) LIMIT 1   [ RunTime:0.000446s ]

[ 2013-04-30T22:47:26+08:00 ] 127.0.0.1 /think_message/index.php/Register/checkname?username=zz11
INFO: [ app_begin ] --START--
INFO: Run ReadHtmlCache Behavior [ RunTime:0.000516s ]
INFO: [ app_begin ] --END-- [ RunTime:0.000584s ]
SQL: SHOW COLUMNS FROM `tp_user` [ RunTime:0.002821s ]
SQL: SELECT COUNT(*) AS tp_count FROM `tp_user` WHERE ( `username` = 'zz11' ) LIMIT 1   [ RunTime:0.000383s ]

[ 2013-04-30T22:48:10+08:00 ] 127.0.0.1 /think_message/index.php/Register/checkname?username=zz
INFO: [ app_begin ] --START--
INFO: Run ReadHtmlCache Behavior [ RunTime:0.000477s ]
INFO: [ app_begin ] --END-- [ RunTime:0.000540s ]
SQL: SHOW COLUMNS FROM `tp_user` [ RunTime:0.002298s ]
SQL: SELECT COUNT(*) AS tp_count FROM `tp_user` WHERE ( `username` = 'zz' ) LIMIT 1   [ RunTime:0.000451s ]

[ 2013-04-30T22:48:40+08:00 ] 127.0.0.1 /think_message/index.php/Register/checkname?username=zz
INFO: [ app_begin ] --START--
INFO: Run ReadHtmlCache Behavior [ RunTime:0.000521s ]
INFO: [ app_begin ] --END-- [ RunTime:0.000591s ]
SQL: SHOW COLUMNS FROM `tp_user` [ RunTime:0.002305s ]
SQL: SELECT COUNT(*) AS tp_count FROM `tp_user` WHERE ( `username` = 'zz' ) LIMIT 1   [ RunTime:0.000621s ]

[ 2013-04-30T22:50:06+08:00 ] 127.0.0.1 /think_message/index.php/Register/checkname?username=zz
INFO: [ app_begin ] --START--
INFO: Run ReadHtmlCache Behavior [ RunTime:0.000523s ]
INFO: [ app_begin ] --END-- [ RunTime:0.000598s ]
SQL: SHOW COLUMNS FROM `tp_user` [ RunTime:0.002637s ]
SQL: SELECT COUNT(*) AS tp_count FROM `tp_user` WHERE ( `username` = 'zz' ) LIMIT 1   [ RunTime:0.000576s ]

[ 2013-04-30T22:50:51+08:00 ] 127.0.0.1 /think_message/index.php/Register/checkname?username=zz
INFO: [ app_begin ] --START--
INFO: Run ReadHtmlCache Behavior [ RunTime:0.000519s ]
INFO: [ app_begin ] --END-- [ RunTime:0.000586s ]
SQL: SHOW COLUMNS FROM `tp_user` [ RunTime:0.002801s ]
SQL: SELECT COUNT(*) AS tp_count FROM `tp_user` WHERE ( `username` = 'zz' ) LIMIT 1   [ RunTime:0.000736s ]

[ 2013-04-30T22:50:54+08:00 ] 127.0.0.1 /think_message/index.php/Register/checkname?username=zz
INFO: [ app_begin ] --START--
INFO: Run ReadHtmlCache Behavior [ RunTime:0.000477s ]
INFO: [ app_begin ] --END-- [ RunTime:0.000540s ]
SQL: SHOW COLUMNS FROM `tp_user` [ RunTime:0.002354s ]
SQL: SELECT COUNT(*) AS tp_count FROM `tp_user` WHERE ( `username` = 'zz' ) LIMIT 1   [ RunTime:0.000497s ]

