[ 2013-04-29T22:35:21+08:00 ] ERR: (ThinkException) 非法操作:__Public__
[ 2013-04-29T22:35:22+08:00 ] ERR: (ThinkException) 非法操作:__Public__
[ 2013-04-29T22:35:23+08:00 ] ERR: (ThinkException) 非法操作:__Public__
[ 2013-04-29T22:54:32+08:00 ] ERR: (ThinkException) 非法操作:Home
[ 2013-04-29T22:54:33+08:00 ] ERR: (ThinkException) 非法操作:Home
[ 2013-04-29T22:54:33+08:00 ] ERR: (ThinkException) 非法操作:Home
[ 2013-04-29T22:54:33+08:00 ] ERR: (ThinkException) 非法操作:Home
[ 2013-04-29T22:54:35+08:00 ] ERR: (ThinkException) 非法操作:Home
[ 2013-04-29T22:54:36+08:00 ] ERR: (ThinkException) 非法操作:Home
[ 2013-04-29T22:54:37+08:00 ] ERR: (ThinkException) 非法操作:Home
[ 2013-04-29T22:54:37+08:00 ] ERR: (ThinkException) 非法操作:Home
[ 2013-04-29T22:55:02+08:00 ] ERR: (ThinkException) 无法加载模块:Home
[ 2013-04-29T22:55:03+08:00 ] ERR: (ThinkException) 无法加载模块:Home
[ 2013-04-29T22:55:05+08:00 ] ERR: (ThinkException) 无法加载模块:Home
[ 2013-04-29T22:55:05+08:00 ] ERR: (ThinkException) 无法加载模块:Home
[ 2013-04-29T22:55:06+08:00 ] ERR: (ThinkException) 无法加载模块:Home
[ 2013-04-29T22:55:09+08:00 ] ERR: (ThinkException) 无法加载模块:Home
[ 2013-04-29T22:57:24+08:00 ] ERR: (ThinkException) 无法加载模块:Login
[ 2013-04-29T22:58:09+08:00 ] ERR: (ThinkException) 无法加载模块:Index
[ 2013-04-29T22:58:18+08:00 ] ERR: (ThinkException) 无法加载模块:Index
[ 2013-04-29T22:59:45+08:00 ] ERR: (ThinkException) 无法加载模块:Home
[ 2013-04-29T23:00:08+08:00 ] ERR: (ThinkException) 无法加载模块:Login
[ 2013-04-29T23:00:30+08:00 ] ERR: (ThinkException) 无法加载模块:Login
[ 2013-04-29T23:00:38+08:00 ] ERR: (ThinkException) 无法加载模块:Login
[ 2013-04-29T23:00:42+08:00 ] ERR: (ThinkException) 无法加载模块:Login
[ 2013-04-29T23:02:05+08:00 ] ERR: (ThinkException) 无法加载模块:Home
[ 2013-04-29T23:02:12+08:00 ] ERR: (ThinkException) 无法加载模块:Home
